<?xml version="1.0" encoding="UTF-8"?>
<testsuite xmlns:xsi="http://www.w3.org/2001/XMLSchema-instance" xsi:noNamespaceSchemaLocation="https://maven.apache.org/surefire/maven-surefire-plugin/xsd/surefire-test-report.xsd" name="za.ac.nwu.ac.logic.flow.impl.CreateAccountTypeFlowImplTest" time="0.539" tests="1" errors="0" skipped="0" failures="0">
  <properties>
    <property name="sun.desktop" value="windows"/>
    <property name="awt.toolkit" value="sun.awt.windows.WToolkit"/>
    <property name="file.encoding.pkg" value="sun.io"/>
    <property name="java.specification.version" value="1.8"/>
    <property name="sun.cpu.isalist" value="amd64"/>
    <property name="sun.jnu.encoding" value="Cp1252"/>
    <property name="java.class.path" value="C:\Users\user-pc\Documents\discovery_project\AccountSystem\AccountSystemWebSpringBoot\target\test-classes;C:\Users\user-pc\Documents\discovery_project\AccountSystem\AccountSystemWebSpringBoot\target\classes;C:\Users\user-pc\Documents\discovery_project\AccountSystem\AccountSystemDomain\target\AccountSystemDomain-1.0-SNAPSHOT.jar;C:\Users\user-pc\Documents\discovery_project\org\projectlombok\lombok\1.18.8\lombok-1.18.8.jar;C:\Users\user-pc\Documents\discovery_project\com\fasterxml\jackson\core\jackson-annotations\2.9.0\jackson-annotations-2.9.0.jar;C:\Users\user-pc\Documents\discovery_project\AccountSystem\AccountSystemLogic\target\AccountSystemLogic-1.0-SNAPSHOT.jar;C:\Users\user-pc\Documents\discovery_project\AccountSystem\AccountSystemTranslator\target\AccountSystemTranslator-1.0-SNAPSHOT.jar;C:\Users\user-pc\Documents\discovery_project\AccountSystem\AccountSystemRepository\target\AccountSystemRepository-1.0-SNAPSHOT.jar;C:\Users\user-pc\Documents\discovery_project\org\springframework\boot\spring-boot-starter-data-jpa\2.1.6.RELEASE\spring-boot-starter-data-jpa-2.1.6.RELEASE.jar;C:\Users\user-pc\Documents\discovery_project\org\springframework\boot\spring-boot-starter-aop\2.1.6.RELEASE\spring-boot-starter-aop-2.1.6.RELEASE.jar;C:\Users\user-pc\Documents\discovery_project\org\aspectj\aspectjweaver\1.9.4\aspectjweaver-1.9.4.jar;C:\Users\user-pc\Documents\discovery_project\org\springframework\boot\spring-boot-starter-jdbc\2.1.6.RELEASE\spring-boot-starter-jdbc-2.1.6.RELEASE.jar;C:\Users\user-pc\Documents\discovery_project\com\zaxxer\HikariCP\3.2.0\HikariCP-3.2.0.jar;C:\Users\user-pc\Documents\discovery_project\org\springframework\spring-jdbc\5.1.8.RELEASE\spring-jdbc-5.1.8.RELEASE.jar;C:\Users\user-pc\Documents\discovery_project\javax\transaction\javax.transaction-api\1.3\javax.transaction-api-1.3.jar;C:\Users\user-pc\Documents\discovery_project\javax\xml\bind\jaxb-api\2.3.1\jaxb-api-2.3.1.jar;C:\Users\user-pc\Documents\discovery_project\javax\activation\javax.activation-api\1.2.0\javax.activation-api-1.2.0.jar;C:\Users\user-pc\Documents\discovery_project\org\hibernate\hibernate-core\5.3.10.Final\hibernate-core-5.3.10.Final.jar;C:\Users\user-pc\Documents\discovery_project\javax\persistence\javax.persistence-api\2.2\javax.persistence-api-2.2.jar;C:\Users\user-pc\Documents\discovery_project\org\javassist\javassist\3.23.2-GA\javassist-3.23.2-GA.jar;C:\Users\user-pc\Documents\discovery_project\antlr\antlr\2.7.7\antlr-2.7.7.jar;C:\Users\user-pc\Documents\discovery_project\org\jboss\jandex\2.0.5.Final\jandex-2.0.5.Final.jar;C:\Users\user-pc\Documents\discovery_project\org\dom4j\dom4j\2.1.1\dom4j-2.1.1.jar;C:\Users\user-pc\Documents\discovery_project\org\hibernate\common\hibernate-commons-annotations\5.0.4.Final\hibernate-commons-annotations-5.0.4.Final.jar;C:\Users\user-pc\Documents\discovery_project\org\springframework\data\spring-data-jpa\2.1.9.RELEASE\spring-data-jpa-2.1.9.RELEASE.jar;C:\Users\user-pc\Documents\discovery_project\org\springframework\data\spring-data-commons\2.1.9.RELEASE\spring-data-commons-2.1.9.RELEASE.jar;C:\Users\user-pc\Documents\discovery_project\org\springframework\spring-orm\5.1.8.RELEASE\spring-orm-5.1.8.RELEASE.jar;C:\Users\user-pc\Documents\discovery_project\org\springframework\spring-tx\5.1.8.RELEASE\spring-tx-5.1.8.RELEASE.jar;C:\Users\user-pc\Documents\discovery_project\org\springframework\spring-aspects\5.1.8.RELEASE\spring-aspects-5.1.8.RELEASE.jar;C:\Users\user-pc\Documents\discovery_project\com\oracle\ojdbc\ojdbc8\19.3.0.0\ojdbc8-19.3.0.0.jar;C:\Users\user-pc\Documents\discovery_project\com\oracle\ojdbc\ucp\19.3.0.0\ucp-19.3.0.0.jar;C:\Users\user-pc\Documents\discovery_project\com\oracle\ojdbc\oraclepki\19.3.0.0\oraclepki-19.3.0.0.jar;C:\Users\user-pc\Documents\discovery_project\com\oracle\ojdbc\osdt_cert\19.3.0.0\osdt_cert-19.3.0.0.jar;C:\Users\user-pc\Documents\discovery_project\com\oracle\ojdbc\osdt_core\19.3.0.0\osdt_core-19.3.0.0.jar;C:\Users\user-pc\Documents\discovery_project\com\oracle\ojdbc\simplefan\19.3.0.0\simplefan-19.3.0.0.jar;C:\Users\user-pc\Documents\discovery_project\com\oracle\ojdbc\ons\19.3.0.0\ons-19.3.0.0.jar;C:\Users\user-pc\Documents\discovery_project\org\springframework\boot\spring-boot-starter-web\2.1.6.RELEASE\spring-boot-starter-web-2.1.6.RELEASE.jar;C:\Users\user-pc\Documents\discovery_project\org\springframework\boot\spring-boot-starter\2.1.6.RELEASE\spring-boot-starter-2.1.6.RELEASE.jar;C:\Users\user-pc\Documents\discovery_project\org\springframework\boot\spring-boot\2.1.6.RELEASE\spring-boot-2.1.6.RELEASE.jar;C:\Users\user-pc\Documents\discovery_project\org\springframework\boot\spring-boot-autoconfigure\2.1.6.RELEASE\spring-boot-autoconfigure-2.1.6.RELEASE.jar;C:\Users\user-pc\Documents\discovery_project\org\springframework\boot\spring-boot-starter-logging\2.1.6.RELEASE\spring-boot-starter-logging-2.1.6.RELEASE.jar;C:\Users\user-pc\Documents\discovery_project\ch\qos\logback\logback-classic\1.2.3\logback-classic-1.2.3.jar;C:\Users\user-pc\Documents\discovery_project\ch\qos\logback\logback-core\1.2.3\logback-core-1.2.3.jar;C:\Users\user-pc\Documents\discovery_project\org\apache\logging\log4j\log4j-to-slf4j\2.11.2\log4j-to-slf4j-2.11.2.jar;C:\Users\user-pc\Documents\discovery_project\org\apache\logging\log4j\log4j-api\2.11.2\log4j-api-2.11.2.jar;C:\Users\user-pc\Documents\discovery_project\org\slf4j\jul-to-slf4j\1.7.26\jul-to-slf4j-1.7.26.jar;C:\Users\user-pc\Documents\discovery_project\javax\annotation\javax.annotation-api\1.3.2\javax.annotation-api-1.3.2.jar;C:\Users\user-pc\Documents\discovery_project\org\yaml\snakeyaml\1.23\snakeyaml-1.23.jar;C:\Users\user-pc\Documents\discovery_project\org\springframework\boot\spring-boot-starter-json\2.1.6.RELEASE\spring-boot-starter-json-2.1.6.RELEASE.jar;C:\Users\user-pc\Documents\discovery_project\com\fasterxml\jackson\core\jackson-databind\2.9.9\jackson-databind-2.9.9.jar;C:\Users\user-pc\Documents\discovery_project\com\fasterxml\jackson\core\jackson-core\2.9.9\jackson-core-2.9.9.jar;C:\Users\user-pc\Documents\discovery_project\com\fasterxml\jackson\datatype\jackson-datatype-jdk8\2.9.9\jackson-datatype-jdk8-2.9.9.jar;C:\Users\user-pc\Documents\discovery_project\com\fasterxml\jackson\datatype\jackson-datatype-jsr310\2.9.9\jackson-datatype-jsr310-2.9.9.jar;C:\Users\user-pc\Documents\discovery_project\com\fasterxml\jackson\module\jackson-module-parameter-names\2.9.9\jackson-module-parameter-names-2.9.9.jar;C:\Users\user-pc\Documents\discovery_project\org\springframework\boot\spring-boot-starter-tomcat\2.1.6.RELEASE\spring-boot-starter-tomcat-2.1.6.RELEASE.jar;C:\Users\user-pc\Documents\discovery_project\org\apache\tomcat\embed\tomcat-embed-core\9.0.21\tomcat-embed-core-9.0.21.jar;C:\Users\user-pc\Documents\discovery_project\org\apache\tomcat\embed\tomcat-embed-el\9.0.21\tomcat-embed-el-9.0.21.jar;C:\Users\user-pc\Documents\discovery_project\org\apache\tomcat\embed\tomcat-embed-websocket\9.0.21\tomcat-embed-websocket-9.0.21.jar;C:\Users\user-pc\Documents\discovery_project\org\hibernate\validator\hibernate-validator\6.0.17.Final\hibernate-validator-6.0.17.Final.jar;C:\Users\user-pc\Documents\discovery_project\javax\validation\validation-api\2.0.1.Final\validation-api-2.0.1.Final.jar;C:\Users\user-pc\Documents\discovery_project\org\jboss\logging\jboss-logging\3.3.2.Final\jboss-logging-3.3.2.Final.jar;C:\Users\user-pc\Documents\discovery_project\org\springframework\spring-web\5.1.8.RELEASE\spring-web-5.1.8.RELEASE.jar;C:\Users\user-pc\Documents\discovery_project\org\springframework\spring-beans\5.1.8.RELEASE\spring-beans-5.1.8.RELEASE.jar;C:\Users\user-pc\Documents\discovery_project\org\springframework\spring-webmvc\5.1.8.RELEASE\spring-webmvc-5.1.8.RELEASE.jar;C:\Users\user-pc\Documents\discovery_project\org\springframework\spring-aop\5.1.8.RELEASE\spring-aop-5.1.8.RELEASE.jar;C:\Users\user-pc\Documents\discovery_project\org\springframework\spring-context\5.1.8.RELEASE\spring-context-5.1.8.RELEASE.jar;C:\Users\user-pc\Documents\discovery_project\org\springframework\spring-expression\5.1.8.RELEASE\spring-expression-5.1.8.RELEASE.jar;C:\Users\user-pc\Documents\discovery_project\io\springfox\springfox-swagger2\2.9.2\springfox-swagger2-2.9.2.jar;C:\Users\user-pc\Documents\discovery_project\io\swagger\swagger-models\1.5.20\swagger-models-1.5.20.jar;C:\Users\user-pc\Documents\discovery_project\io\springfox\springfox-spi\2.9.2\springfox-spi-2.9.2.jar;C:\Users\user-pc\Documents\discovery_project\io\springfox\springfox-core\2.9.2\springfox-core-2.9.2.jar;C:\Users\user-pc\Documents\discovery_project\io\springfox\springfox-schema\2.9.2\springfox-schema-2.9.2.jar;C:\Users\user-pc\Documents\discovery_project\io\springfox\springfox-swagger-common\2.9.2\springfox-swagger-common-2.9.2.jar;C:\Users\user-pc\Documents\discovery_project\io\springfox\springfox-spring-web\2.9.2\springfox-spring-web-2.9.2.jar;C:\Users\user-pc\Documents\discovery_project\com\google\guava\guava\20.0\guava-20.0.jar;C:\Users\user-pc\Documents\discovery_project\com\fasterxml\classmate\1.4.0\classmate-1.4.0.jar;C:\Users\user-pc\Documents\discovery_project\org\springframework\plugin\spring-plugin-core\1.2.0.RELEASE\spring-plugin-core-1.2.0.RELEASE.jar;C:\Users\user-pc\Documents\discovery_project\org\springframework\plugin\spring-plugin-metadata\1.2.0.RELEASE\spring-plugin-metadata-1.2.0.RELEASE.jar;C:\Users\user-pc\Documents\discovery_project\org\mapstruct\mapstruct\1.2.0.Final\mapstruct-1.2.0.Final.jar;C:\Users\user-pc\Documents\discovery_project\io\swagger\swagger-annotations\1.5.20\swagger-annotations-1.5.20.jar;C:\Users\user-pc\Documents\discovery_project\io\springfox\springfox-swagger-ui\2.9.2\springfox-swagger-ui-2.9.2.jar;C:\Users\user-pc\Documents\discovery_project\io\springfox\springfox-bean-validators\2.9.2\springfox-bean-validators-2.9.2.jar;C:\Users\user-pc\Documents\discovery_project\junit\junit\4.12\junit-4.12.jar;C:\Users\user-pc\Documents\discovery_project\org\hamcrest\hamcrest-core\1.3\hamcrest-core-1.3.jar;C:\Users\user-pc\Documents\discovery_project\org\springframework\boot\spring-boot-starter-test\2.1.6.RELEASE\spring-boot-starter-test-2.1.6.RELEASE.jar;C:\Users\user-pc\Documents\discovery_project\org\springframework\boot\spring-boot-test\2.1.6.RELEASE\spring-boot-test-2.1.6.RELEASE.jar;C:\Users\user-pc\Documents\discovery_project\org\springframework\boot\spring-boot-test-autoconfigure\2.1.6.RELEASE\spring-boot-test-autoconfigure-2.1.6.RELEASE.jar;C:\Users\user-pc\Documents\discovery_project\com\jayway\jsonpath\json-path\2.4.0\json-path-2.4.0.jar;C:\Users\user-pc\Documents\discovery_project\net\minidev\json-smart\2.3\json-smart-2.3.jar;C:\Users\user-pc\Documents\discovery_project\net\minidev\accessors-smart\1.2\accessors-smart-1.2.jar;C:\Users\user-pc\Documents\discovery_project\org\ow2\asm\asm\5.0.4\asm-5.0.4.jar;C:\Users\user-pc\Documents\discovery_project\org\slf4j\slf4j-api\1.7.26\slf4j-api-1.7.26.jar;C:\Users\user-pc\Documents\discovery_project\org\assertj\assertj-core\3.11.1\assertj-core-3.11.1.jar;C:\Users\user-pc\Documents\discovery_project\org\hamcrest\hamcrest-library\1.3\hamcrest-library-1.3.jar;C:\Users\user-pc\Documents\discovery_project\org\skyscreamer\jsonassert\1.5.0\jsonassert-1.5.0.jar;C:\Users\user-pc\Documents\discovery_project\com\vaadin\external\google\android-json\0.0.20131108.vaadin1\android-json-0.0.20131108.vaadin1.jar;C:\Users\user-pc\Documents\discovery_project\org\springframework\spring-core\5.1.8.RELEASE\spring-core-5.1.8.RELEASE.jar;C:\Users\user-pc\Documents\discovery_project\org\springframework\spring-jcl\5.1.8.RELEASE\spring-jcl-5.1.8.RELEASE.jar;C:\Users\user-pc\Documents\discovery_project\org\springframework\spring-test\5.1.8.RELEASE\spring-test-5.1.8.RELEASE.jar;C:\Users\user-pc\Documents\discovery_project\org\xmlunit\xmlunit-core\2.6.2\xmlunit-core-2.6.2.jar;C:\Users\user-pc\Documents\discovery_project\org\mockito\mockito-core\2.23.4\mockito-core-2.23.4.jar;C:\Users\user-pc\Documents\discovery_project\net\bytebuddy\byte-buddy\1.9.13\byte-buddy-1.9.13.jar;C:\Users\user-pc\Documents\discovery_project\net\bytebuddy\byte-buddy-agent\1.9.13\byte-buddy-agent-1.9.13.jar;C:\Users\user-pc\Documents\discovery_project\org\objenesis\objenesis\2.6\objenesis-2.6.jar;C:\Users\user-pc\Documents\discovery_project\org\mockito\mockito-inline\2.23.4\mockito-inline-2.23.4.jar;C:\Users\user-pc\Documents\discovery_project\org\mockito\mockito-junit-jupiter\2.23.4\mockito-junit-jupiter-2.23.4.jar;C:\Users\user-pc\Documents\discovery_project\org\junit\jupiter\junit-jupiter-api\5.3.2\junit-jupiter-api-5.3.2.jar;C:\Users\user-pc\Documents\discovery_project\org\apiguardian\apiguardian-api\1.0.0\apiguardian-api-1.0.0.jar;C:\Users\user-pc\Documents\discovery_project\org\opentest4j\opentest4j\1.1.1\opentest4j-1.1.1.jar;C:\Users\user-pc\Documents\discovery_project\org\junit\platform\junit-platform-commons\1.3.2\junit-platform-commons-1.3.2.jar;"/>
    <property name="java.vm.vendor" value="Oracle Corporation"/>
    <property name="sun.arch.data.model" value="64"/>
    <property name="user.variant" value=""/>
    <property name="java.vendor.url" value="http://java.oracle.com/"/>
    <property name="user.timezone" value="Africa/Harare"/>
    <property name="java.vm.specification.version" value="1.8"/>
    <property name="os.name" value="Windows 10"/>
    <property name="user.country" value="US"/>
    <property name="sun.java.launcher" value="SUN_STANDARD"/>
    <property name="sun.boot.library.path" value="C:\Program Files\Java\jdk1.8.0_251\jre\bin"/>
    <property name="sun.java.command" value="C:\Users\user-pc\AppData\Local\Temp\surefire7049669189443354075\surefirebooter542800669646631444.jar C:\Users\user-pc\AppData\Local\Temp\surefire7049669189443354075 2021-10-02T23-19-53_621-jvmRun1 surefire8490792067653290616tmp surefire_0561449319961765330tmp"/>
    <property name="surefire.test.class.path" value="C:\Users\user-pc\Documents\discovery_project\AccountSystem\AccountSystemWebSpringBoot\target\test-classes;C:\Users\user-pc\Documents\discovery_project\AccountSystem\AccountSystemWebSpringBoot\target\classes;C:\Users\user-pc\Documents\discovery_project\AccountSystem\AccountSystemDomain\target\AccountSystemDomain-1.0-SNAPSHOT.jar;C:\Users\user-pc\Documents\discovery_project\org\projectlombok\lombok\1.18.8\lombok-1.18.8.jar;C:\Users\user-pc\Documents\discovery_project\com\fasterxml\jackson\core\jackson-annotations\2.9.0\jackson-annotations-2.9.0.jar;C:\Users\user-pc\Documents\discovery_project\AccountSystem\AccountSystemLogic\target\AccountSystemLogic-1.0-SNAPSHOT.jar;C:\Users\user-pc\Documents\discovery_project\AccountSystem\AccountSystemTranslator\target\AccountSystemTranslator-1.0-SNAPSHOT.jar;C:\Users\user-pc\Documents\discovery_project\AccountSystem\AccountSystemRepository\target\AccountSystemRepository-1.0-SNAPSHOT.jar;C:\Users\user-pc\Documents\discovery_project\org\springframework\boot\spring-boot-starter-data-jpa\2.1.6.RELEASE\spring-boot-starter-data-jpa-2.1.6.RELEASE.jar;C:\Users\user-pc\Documents\discovery_project\org\springframework\boot\spring-boot-starter-aop\2.1.6.RELEASE\spring-boot-starter-aop-2.1.6.RELEASE.jar;C:\Users\user-pc\Documents\discovery_project\org\aspectj\aspectjweaver\1.9.4\aspectjweaver-1.9.4.jar;C:\Users\user-pc\Documents\discovery_project\org\springframework\boot\spring-boot-starter-jdbc\2.1.6.RELEASE\spring-boot-starter-jdbc-2.1.6.RELEASE.jar;C:\Users\user-pc\Documents\discovery_project\com\zaxxer\HikariCP\3.2.0\HikariCP-3.2.0.jar;C:\Users\user-pc\Documents\discovery_project\org\springframework\spring-jdbc\5.1.8.RELEASE\spring-jdbc-5.1.8.RELEASE.jar;C:\Users\user-pc\Documents\discovery_project\javax\transaction\javax.transaction-api\1.3\javax.transaction-api-1.3.jar;C:\Users\user-pc\Documents\discovery_project\javax\xml\bind\jaxb-api\2.3.1\jaxb-api-2.3.1.jar;C:\Users\user-pc\Documents\discovery_project\javax\activation\javax.activation-api\1.2.0\javax.activation-api-1.2.0.jar;C:\Users\user-pc\Documents\discovery_project\org\hibernate\hibernate-core\5.3.10.Final\hibernate-core-5.3.10.Final.jar;C:\Users\user-pc\Documents\discovery_project\javax\persistence\javax.persistence-api\2.2\javax.persistence-api-2.2.jar;C:\Users\user-pc\Documents\discovery_project\org\javassist\javassist\3.23.2-GA\javassist-3.23.2-GA.jar;C:\Users\user-pc\Documents\discovery_project\antlr\antlr\2.7.7\antlr-2.7.7.jar;C:\Users\user-pc\Documents\discovery_project\org\jboss\jandex\2.0.5.Final\jandex-2.0.5.Final.jar;C:\Users\user-pc\Documents\discovery_project\org\dom4j\dom4j\2.1.1\dom4j-2.1.1.jar;C:\Users\user-pc\Documents\discovery_project\org\hibernate\common\hibernate-commons-annotations\5.0.4.Final\hibernate-commons-annotations-5.0.4.Final.jar;C:\Users\user-pc\Documents\discovery_project\org\springframework\data\spring-data-jpa\2.1.9.RELEASE\spring-data-jpa-2.1.9.RELEASE.jar;C:\Users\user-pc\Documents\discovery_project\org\springframework\data\spring-data-commons\2.1.9.RELEASE\spring-data-commons-2.1.9.RELEASE.jar;C:\Users\user-pc\Documents\discovery_project\org\springframework\spring-orm\5.1.8.RELEASE\spring-orm-5.1.8.RELEASE.jar;C:\Users\user-pc\Documents\discovery_project\org\springframework\spring-tx\5.1.8.RELEASE\spring-tx-5.1.8.RELEASE.jar;C:\Users\user-pc\Documents\discovery_project\org\springframework\spring-aspects\5.1.8.RELEASE\spring-aspects-5.1.8.RELEASE.jar;C:\Users\user-pc\Documents\discovery_project\com\oracle\ojdbc\ojdbc8\19.3.0.0\ojdbc8-19.3.0.0.jar;C:\Users\user-pc\Documents\discovery_project\com\oracle\ojdbc\ucp\19.3.0.0\ucp-19.3.0.0.jar;C:\Users\user-pc\Documents\discovery_project\com\oracle\ojdbc\oraclepki\19.3.0.0\oraclepki-19.3.0.0.jar;C:\Users\user-pc\Documents\discovery_project\com\oracle\ojdbc\osdt_cert\19.3.0.0\osdt_cert-19.3.0.0.jar;C:\Users\user-pc\Documents\discovery_project\com\oracle\ojdbc\osdt_core\19.3.0.0\osdt_core-19.3.0.0.jar;C:\Users\user-pc\Documents\discovery_project\com\oracle\ojdbc\simplefan\19.3.0.0\simplefan-19.3.0.0.jar;C:\Users\user-pc\Documents\discovery_project\com\oracle\ojdbc\ons\19.3.0.0\ons-19.3.0.0.jar;C:\Users\user-pc\Documents\discovery_project\org\springframework\boot\spring-boot-starter-web\2.1.6.RELEASE\spring-boot-starter-web-2.1.6.RELEASE.jar;C:\Users\user-pc\Documents\discovery_project\org\springframework\boot\spring-boot-starter\2.1.6.RELEASE\spring-boot-starter-2.1.6.RELEASE.jar;C:\Users\user-pc\Documents\discovery_project\org\springframework\boot\spring-boot\2.1.6.RELEASE\spring-boot-2.1.6.RELEASE.jar;C:\Users\user-pc\Documents\discovery_project\org\springframework\boot\spring-boot-autoconfigure\2.1.6.RELEASE\spring-boot-autoconfigure-2.1.6.RELEASE.jar;C:\Users\user-pc\Documents\discovery_project\org\springframework\boot\spring-boot-starter-logging\2.1.6.RELEASE\spring-boot-starter-logging-2.1.6.RELEASE.jar;C:\Users\user-pc\Documents\discovery_project\ch\qos\logback\logback-classic\1.2.3\logback-classic-1.2.3.jar;C:\Users\user-pc\Documents\discovery_project\ch\qos\logback\logback-core\1.2.3\logback-core-1.2.3.jar;C:\Users\user-pc\Documents\discovery_project\org\apache\logging\log4j\log4j-to-slf4j\2.11.2\log4j-to-slf4j-2.11.2.jar;C:\Users\user-pc\Documents\discovery_project\org\apache\logging\log4j\log4j-api\2.11.2\log4j-api-2.11.2.jar;C:\Users\user-pc\Documents\discovery_project\org\slf4j\jul-to-slf4j\1.7.26\jul-to-slf4j-1.7.26.jar;C:\Users\user-pc\Documents\discovery_project\javax\annotation\javax.annotation-api\1.3.2\javax.annotation-api-1.3.2.jar;C:\Users\user-pc\Documents\discovery_project\org\yaml\snakeyaml\1.23\snakeyaml-1.23.jar;C:\Users\user-pc\Documents\discovery_project\org\springframework\boot\spring-boot-starter-json\2.1.6.RELEASE\spring-boot-starter-json-2.1.6.RELEASE.jar;C:\Users\user-pc\Documents\discovery_project\com\fasterxml\jackson\core\jackson-databind\2.9.9\jackson-databind-2.9.9.jar;C:\Users\user-pc\Documents\discovery_project\com\fasterxml\jackson\core\jackson-core\2.9.9\jackson-core-2.9.9.jar;C:\Users\user-pc\Documents\discovery_project\com\fasterxml\jackson\datatype\jackson-datatype-jdk8\2.9.9\jackson-datatype-jdk8-2.9.9.jar;C:\Users\user-pc\Documents\discovery_project\com\fasterxml\jackson\datatype\jackson-datatype-jsr310\2.9.9\jackson-datatype-jsr310-2.9.9.jar;C:\Users\user-pc\Documents\discovery_project\com\fasterxml\jackson\module\jackson-module-parameter-names\2.9.9\jackson-module-parameter-names-2.9.9.jar;C:\Users\user-pc\Documents\discovery_project\org\springframework\boot\spring-boot-starter-tomcat\2.1.6.RELEASE\spring-boot-starter-tomcat-2.1.6.RELEASE.jar;C:\Users\user-pc\Documents\discovery_project\org\apache\tomcat\embed\tomcat-embed-core\9.0.21\tomcat-embed-core-9.0.21.jar;C:\Users\user-pc\Documents\discovery_project\org\apache\tomcat\embed\tomcat-embed-el\9.0.21\tomcat-embed-el-9.0.21.jar;C:\Users\user-pc\Documents\discovery_project\org\apache\tomcat\embed\tomcat-embed-websocket\9.0.21\tomcat-embed-websocket-9.0.21.jar;C:\Users\user-pc\Documents\discovery_project\org\hibernate\validator\hibernate-validator\6.0.17.Final\hibernate-validator-6.0.17.Final.jar;C:\Users\user-pc\Documents\discovery_project\javax\validation\validation-api\2.0.1.Final\validation-api-2.0.1.Final.jar;C:\Users\user-pc\Documents\discovery_project\org\jboss\logging\jboss-logging\3.3.2.Final\jboss-logging-3.3.2.Final.jar;C:\Users\user-pc\Documents\discovery_project\org\springframework\spring-web\5.1.8.RELEASE\spring-web-5.1.8.RELEASE.jar;C:\Users\user-pc\Documents\discovery_project\org\springframework\spring-beans\5.1.8.RELEASE\spring-beans-5.1.8.RELEASE.jar;C:\Users\user-pc\Documents\discovery_project\org\springframework\spring-webmvc\5.1.8.RELEASE\spring-webmvc-5.1.8.RELEASE.jar;C:\Users\user-pc\Documents\discovery_project\org\springframework\spring-aop\5.1.8.RELEASE\spring-aop-5.1.8.RELEASE.jar;C:\Users\user-pc\Documents\discovery_project\org\springframework\spring-context\5.1.8.RELEASE\spring-context-5.1.8.RELEASE.jar;C:\Users\user-pc\Documents\discovery_project\org\springframework\spring-expression\5.1.8.RELEASE\spring-expression-5.1.8.RELEASE.jar;C:\Users\user-pc\Documents\discovery_project\io\springfox\springfox-swagger2\2.9.2\springfox-swagger2-2.9.2.jar;C:\Users\user-pc\Documents\discovery_project\io\swagger\swagger-models\1.5.20\swagger-models-1.5.20.jar;C:\Users\user-pc\Documents\discovery_project\io\springfox\springfox-spi\2.9.2\springfox-spi-2.9.2.jar;C:\Users\user-pc\Documents\discovery_project\io\springfox\springfox-core\2.9.2\springfox-core-2.9.2.jar;C:\Users\user-pc\Documents\discovery_project\io\springfox\springfox-schema\2.9.2\springfox-schema-2.9.2.jar;C:\Users\user-pc\Documents\discovery_project\io\springfox\springfox-swagger-common\2.9.2\springfox-swagger-common-2.9.2.jar;C:\Users\user-pc\Documents\discovery_project\io\springfox\springfox-spring-web\2.9.2\springfox-spring-web-2.9.2.jar;C:\Users\user-pc\Documents\discovery_project\com\google\guava\guava\20.0\guava-20.0.jar;C:\Users\user-pc\Documents\discovery_project\com\fasterxml\classmate\1.4.0\classmate-1.4.0.jar;C:\Users\user-pc\Documents\discovery_project\org\springframework\plugin\spring-plugin-core\1.2.0.RELEASE\spring-plugin-core-1.2.0.RELEASE.jar;C:\Users\user-pc\Documents\discovery_project\org\springframework\plugin\spring-plugin-metadata\1.2.0.RELEASE\spring-plugin-metadata-1.2.0.RELEASE.jar;C:\Users\user-pc\Documents\discovery_project\org\mapstruct\mapstruct\1.2.0.Final\mapstruct-1.2.0.Final.jar;C:\Users\user-pc\Documents\discovery_project\io\swagger\swagger-annotations\1.5.20\swagger-annotations-1.5.20.jar;C:\Users\user-pc\Documents\discovery_project\io\springfox\springfox-swagger-ui\2.9.2\springfox-swagger-ui-2.9.2.jar;C:\Users\user-pc\Documents\discovery_project\io\springfox\springfox-bean-validators\2.9.2\springfox-bean-validators-2.9.2.jar;C:\Users\user-pc\Documents\discovery_project\junit\junit\4.12\junit-4.12.jar;C:\Users\user-pc\Documents\discovery_project\org\hamcrest\hamcrest-core\1.3\hamcrest-core-1.3.jar;C:\Users\user-pc\Documents\discovery_project\org\springframework\boot\spring-boot-starter-test\2.1.6.RELEASE\spring-boot-starter-test-2.1.6.RELEASE.jar;C:\Users\user-pc\Documents\discovery_project\org\springframework\boot\spring-boot-test\2.1.6.RELEASE\spring-boot-test-2.1.6.RELEASE.jar;C:\Users\user-pc\Documents\discovery_project\org\springframework\boot\spring-boot-test-autoconfigure\2.1.6.RELEASE\spring-boot-test-autoconfigure-2.1.6.RELEASE.jar;C:\Users\user-pc\Documents\discovery_project\com\jayway\jsonpath\json-path\2.4.0\json-path-2.4.0.jar;C:\Users\user-pc\Documents\discovery_project\net\minidev\json-smart\2.3\json-smart-2.3.jar;C:\Users\user-pc\Documents\discovery_project\net\minidev\accessors-smart\1.2\accessors-smart-1.2.jar;C:\Users\user-pc\Documents\discovery_project\org\ow2\asm\asm\5.0.4\asm-5.0.4.jar;C:\Users\user-pc\Documents\discovery_project\org\slf4j\slf4j-api\1.7.26\slf4j-api-1.7.26.jar;C:\Users\user-pc\Documents\discovery_project\org\assertj\assertj-core\3.11.1\assertj-core-3.11.1.jar;C:\Users\user-pc\Documents\discovery_project\org\hamcrest\hamcrest-library\1.3\hamcrest-library-1.3.jar;C:\Users\user-pc\Documents\discovery_project\org\skyscreamer\jsonassert\1.5.0\jsonassert-1.5.0.jar;C:\Users\user-pc\Documents\discovery_project\com\vaadin\external\google\android-json\0.0.20131108.vaadin1\android-json-0.0.20131108.vaadin1.jar;C:\Users\user-pc\Documents\discovery_project\org\springframework\spring-core\5.1.8.RELEASE\spring-core-5.1.8.RELEASE.jar;C:\Users\user-pc\Documents\discovery_project\org\springframework\spring-jcl\5.1.8.RELEASE\spring-jcl-5.1.8.RELEASE.jar;C:\Users\user-pc\Documents\discovery_project\org\springframework\spring-test\5.1.8.RELEASE\spring-test-5.1.8.RELEASE.jar;C:\Users\user-pc\Documents\discovery_project\org\xmlunit\xmlunit-core\2.6.2\xmlunit-core-2.6.2.jar;C:\Users\user-pc\Documents\discovery_project\org\mockito\mockito-core\2.23.4\mockito-core-2.23.4.jar;C:\Users\user-pc\Documents\discovery_project\net\bytebuddy\byte-buddy\1.9.13\byte-buddy-1.9.13.jar;C:\Users\user-pc\Documents\discovery_project\net\bytebuddy\byte-buddy-agent\1.9.13\byte-buddy-agent-1.9.13.jar;C:\Users\user-pc\Documents\discovery_project\org\objenesis\objenesis\2.6\objenesis-2.6.jar;C:\Users\user-pc\Documents\discovery_project\org\mockito\mockito-inline\2.23.4\mockito-inline-2.23.4.jar;C:\Users\user-pc\Documents\discovery_project\org\mockito\mockito-junit-jupiter\2.23.4\mockito-junit-jupiter-2.23.4.jar;C:\Users\user-pc\Documents\discovery_project\org\junit\jupiter\junit-jupiter-api\5.3.2\junit-jupiter-api-5.3.2.jar;C:\Users\user-pc\Documents\discovery_project\org\apiguardian\apiguardian-api\1.0.0\apiguardian-api-1.0.0.jar;C:\Users\user-pc\Documents\discovery_project\org\opentest4j\opentest4j\1.1.1\opentest4j-1.1.1.jar;C:\Users\user-pc\Documents\discovery_project\org\junit\platform\junit-platform-commons\1.3.2\junit-platform-commons-1.3.2.jar;"/>
    <property name="sun.cpu.endian" value="little"/>
    <property name="user.home" value="C:\Users\user-pc"/>
    <property name="user.language" value="en"/>
    <property name="java.specification.vendor" value="Oracle Corporation"/>
    <property name="java.home" value="C:\Program Files\Java\jdk1.8.0_251\jre"/>
    <property name="basedir" value="C:\Users\user-pc\Documents\discovery_project\AccountSystem\AccountSystemWebSpringBoot"/>
    <property name="file.separator" value="\"/>
    <property name="line.separator" value="&#10;"/>
    <property name="java.vm.specification.vendor" value="Oracle Corporation"/>
    <property name="java.specification.name" value="Java Platform API Specification"/>
    <property name="java.awt.graphicsenv" value="sun.awt.Win32GraphicsEnvironment"/>
    <property name="surefire.real.class.path" value="C:\Users\user-pc\AppData\Local\Temp\surefire7049669189443354075\surefirebooter542800669646631444.jar"/>
    <property name="sun.boot.class.path" value="C:\Program Files\Java\jdk1.8.0_251\jre\lib\resources.jar;C:\Program Files\Java\jdk1.8.0_251\jre\lib\rt.jar;C:\Program Files\Java\jdk1.8.0_251\jre\lib\sunrsasign.jar;C:\Program Files\Java\jdk1.8.0_251\jre\lib\jsse.jar;C:\Program Files\Java\jdk1.8.0_251\jre\lib\jce.jar;C:\Program Files\Java\jdk1.8.0_251\jre\lib\charsets.jar;C:\Program Files\Java\jdk1.8.0_251\jre\lib\jfr.jar;C:\Program Files\Java\jdk1.8.0_251\jre\classes"/>
    <property name="user.script" value=""/>
    <property name="sun.management.compiler" value="HotSpot 64-Bit Tiered Compilers"/>
    <property name="java.runtime.version" value="1.8.0_251-b08"/>
    <property name="user.name" value="user-pc"/>
    <property name="path.separator" value=";"/>
    <property name="os.version" value="10.0"/>
    <property name="java.endorsed.dirs" value="C:\Program Files\Java\jdk1.8.0_251\jre\lib\endorsed"/>
    <property name="java.runtime.name" value="Java(TM) SE Runtime Environment"/>
    <property name="file.encoding" value="Cp1252"/>
    <property name="java.vm.name" value="Java HotSpot(TM) 64-Bit Server VM"/>
    <property name="localRepository" value="C:\Users\user-pc\Documents\discovery_project"/>
    <property name="java.vendor.url.bug" value="http://bugreport.sun.com/bugreport/"/>
    <property name="java.io.tmpdir" value="C:\Users\user-pc\AppData\Local\Temp\"/>
    <property name="idea.version" value="2021.2.1"/>
    <property name="java.version" value="1.8.0_251"/>
    <property name="user.dir" value="C:\Users\user-pc\Documents\discovery_project\AccountSystem\AccountSystemWebSpringBoot"/>
    <property name="os.arch" value="amd64"/>
    <property name="java.vm.specification.name" value="Java Virtual Machine Specification"/>
    <property name="java.awt.printerjob" value="sun.awt.windows.WPrinterJob"/>
    <property name="sun.os.patch.level" value=""/>
    <property name="java.library.path" value="C:\Program Files\Java\jdk1.8.0_251\jre\bin;C:\WINDOWS\Sun\Java\bin;C:\WINDOWS\system32;C:\WINDOWS;C:\oraclexe\app\oracle\product\11.2.0\server\bin;;C:\oraclexe\app\oracle\product\11.2.0\server\bin;C:\Program Files (x86)\Common Files\Oracle\Java\javapath;C:\Windows\system32;C:\Windows;C:\Windows\System32\Wbem;C:\Windows\System32\WindowsPowerShell\v1.0\;C:\Windows\System32\OpenSSH\;C:\Program Files (x86)\Intel\Intel(R) Management Engine Components\DAL;C:\Program Files\Intel\Intel(R) Management Engine Components\DAL;C:\Program Files (x86)\NVIDIA Corporation\PhysX\Common;C:\Program Files\NVIDIA Corporation\NVIDIA NvDLISR;C:\WINDOWS\system32;C:\WINDOWS;C:\WINDOWS\System32\Wbem;C:\WINDOWS\System32\WindowsPowerShell\v1.0\;C:\WINDOWS\System32\OpenSSH\;C:\Program Files\dotnet\;C:\Program Files\Microsoft SQL Server\130\Tools\Binn\;C:\Program Files\Microsoft SQL Server\Client SDK\ODBC\170\Tools\Binn\;&quot;C:\Program Files\Java\jdk-13.0.2\bin;&quot;;C:\Program Files (x86)\Java\jre1.8.0_251\bin;C:\Program Files\Java\jdk1.8.0_251\bin;C:\WINDOWS\system32;C:\WINDOWS;C:\WINDOWS\System32\Wbem;C:\WINDOWS\System32\WindowsPowerShell\v1.0\;C:\WINDOWS\System32\OpenSSH\;C:\Program Files\Git\cmd;&quot;C:\Program Files\Java\jdk1.8.0_251\bin\bin;C:\Program Files\apache-maven-3.8.2\bin;C:\Users\user-pc\AppData\Local\Microsoft\WindowsApps&quot;;;C:\Program Files\IntelliJ IDEA Community Edition 2021.2.1\bin;;."/>
    <property name="java.vm.info" value="mixed mode"/>
    <property name="java.vendor" value="Oracle Corporation"/>
    <property name="java.vm.version" value="25.251-b08"/>
    <property name="java.ext.dirs" value="C:\Program Files\Java\jdk1.8.0_251\jre\lib\ext;C:\WINDOWS\Sun\Java\lib\ext"/>
    <property name="sun.io.unicode.encoding" value="UnicodeLittle"/>
    <property name="java.class.version" value="52.0"/>
  </properties>
  <testcase name="create" classname="za.ac.nwu.ac.logic.flow.impl.CreateAccountTypeFlowImplTest" time="0.016"/>
</testsuite>